#-----------------------------------------------------------
# Vivado v2018.2 (64-bit)
# SW Build 2258646 on Thu Jun 14 20:03:12 MDT 2018
# IP Build 2256618 on Thu Jun 14 22:10:49 MDT 2018
# Start of session at: Mon Jun 14 18:56:47 2021
# Process ID: 6648
# Current directory: C:/Users/Jianning/Desktop/EE2026/Project/SoundDisplay/SoundDisplay
# Command line: vivado.exe -gui_launcher_event rodinguilauncherevent42884 C:\Users\Jianning\Desktop\EE2026\Project\SoundDisplay\SoundDisplay\SoundDisplay.xpr
# Log file: C:/Users/Jianning/Desktop/EE2026/Project/SoundDisplay/SoundDisplay/vivado.log
# Journal file: C:/Users/Jianning/Desktop/EE2026/Project/SoundDisplay/SoundDisplay\vivado.jou
#-----------------------------------------------------------
start_gui
open_project C:/Users/Jianning/Desktop/EE2026/Project/SoundDisplay/SoundDisplay/SoundDisplay.xpr
Scanning sources...
Finished scanning sources
INFO: [IP_Flow 19-234] Refreshing IP repositories
INFO: [IP_Flow 19-1704] No user IP repositories specified
INFO: [IP_Flow 19-2313] Loaded Vivado IP repository 'C:/Xilinx/Vivado/2018.2/data/ip'.
open_project: Time (s): cpu = 00:00:15 ; elapsed = 00:00:09 . Memory (MB): peak = 773.473 ; gain = 66.848
update_compile_order -fileset sources_1
exit
INFO: [Common 17-206] Exiting Vivado at Mon Jun 14 18:57:52 2021...
