#-----------------------------------------------------------
# Vivado v2018.2 (64-bit)
# SW Build 2258646 on Thu Jun 14 20:03:12 MDT 2018
# IP Build 2256618 on Thu Jun 14 22:10:49 MDT 2018
# Start of session at: Mon Mar 15 14:11:54 2021
# Process ID: 34952
# Current directory: C:/Users/Jianning/Desktop/EE2026/Project/SoundDisplay/SoundDisplay
# Command line: vivado.exe -gui_launcher_event rodinguilauncherevent21904 C:\Users\Jianning\Desktop\EE2026\Project\SoundDisplay\SoundDisplay\SoundDisplay.xpr
# Log file: C:/Users/Jianning/Desktop/EE2026/Project/SoundDisplay/SoundDisplay/vivado.log
# Journal file: C:/Users/Jianning/Desktop/EE2026/Project/SoundDisplay/SoundDisplay\vivado.jou
#-----------------------------------------------------------
start_gui
open_project C:/Users/Jianning/Desktop/EE2026/Project/SoundDisplay/SoundDisplay/SoundDisplay.xpr
Scanning sources...
Finished scanning sources
INFO: [IP_Flow 19-234] Refreshing IP repositories
INFO: [IP_Flow 19-1704] No user IP repositories specified
INFO: [IP_Flow 19-2313] Loaded Vivado IP repository 'C:/Xilinx/Vivado/2018.2/data/ip'.
update_compile_order -fileset sources_1
reset_run synth_1
launch_runs synth_1 -jobs 6
[Mon Mar 15 15:04:38 2021] Launched synth_1...
Run output will be captured here: C:/Users/Jianning/Desktop/EE2026/Project/SoundDisplay/SoundDisplay/SoundDisplay.runs/synth_1/runme.log
reset_run synth_1
launch_runs synth_1 -jobs 6
[Mon Mar 15 15:07:35 2021] Launched synth_1...
Run output will be captured here: C:/Users/Jianning/Desktop/EE2026/Project/SoundDisplay/SoundDisplay/SoundDisplay.runs/synth_1/runme.log
reset_run synth_1
launch_runs synth_1 -jobs 6
[Mon Mar 15 15:09:47 2021] Launched synth_1...
Run output will be captured here: C:/Users/Jianning/Desktop/EE2026/Project/SoundDisplay/SoundDisplay/SoundDisplay.runs/synth_1/runme.log
reset_run synth_1
launch_runs synth_1 -jobs 6
[Mon Mar 15 15:10:17 2021] Launched synth_1...
Run output will be captured here: C:/Users/Jianning/Desktop/EE2026/Project/SoundDisplay/SoundDisplay/SoundDisplay.runs/synth_1/runme.log
launch_runs impl_1 -jobs 6
[Mon Mar 15 15:10:59 2021] Launched impl_1...
Run output will be captured here: C:/Users/Jianning/Desktop/EE2026/Project/SoundDisplay/SoundDisplay/SoundDisplay.runs/impl_1/runme.log
launch_runs impl_1 -to_step write_bitstream -jobs 6
[Mon Mar 15 15:12:10 2021] Launched impl_1...
Run output will be captured here: C:/Users/Jianning/Desktop/EE2026/Project/SoundDisplay/SoundDisplay/SoundDisplay.runs/impl_1/runme.log
open_hw
connect_hw_server
INFO: [Labtools 27-2285] Connecting to hw_server url TCP:localhost:3121
INFO: [Labtools 27-2222] Launching hw_server...
INFO: [Labtools 27-2221] Launch Output:

****** Xilinx hw_server v2018.2
  **** Build date : Jun 14 2018-20:42:52
    ** Copyright 1986-2018 Xilinx, Inc. All Rights Reserved.


connect_hw_server: Time (s): cpu = 00:00:00 ; elapsed = 00:00:06 . Memory (MB): peak = 966.477 ; gain = 0.000
open_hw_target
INFO: [Labtoolstcl 44-466] Opening hw_target localhost:3121/xilinx_tcf/Digilent/210183713918A
set_property PROGRAM.FILE {C:/Users/Jianning/Desktop/EE2026/Project/SoundDisplay/SoundDisplay/SoundDisplay.runs/impl_1/Top_Student.bit} [get_hw_devices xc7a35t_0]
current_hw_device [get_hw_devices xc7a35t_0]
refresh_hw_device -update_hw_probes false [lindex [get_hw_devices xc7a35t_0] 0]
INFO: [Labtools 27-1434] Device xc7a35t (JTAG device index = 0) is programmed with a design that has no supported debug core(s) in it.
WARNING: [Labtools 27-3361] The debug hub core was not detected.
Resolution: 
1. Make sure the clock connected to the debug hub (dbg_hub) core is a free running clock and is active.
2. Make sure the BSCAN_SWITCH_USER_MASK device property in Vivado Hardware Manager reflects the user scan chain setting in the design and refresh the device.  To determine the user scan chain setting in the design, open the implemented design and use 'get_property C_USER_SCAN_CHAIN [get_debug_cores dbg_hub]'.
For more details on setting the scan chain property, consult the Vivado Debug and Programming User Guide (UG908).
set_property PROBES.FILE {} [get_hw_devices xc7a35t_0]
set_property FULL_PROBES.FILE {} [get_hw_devices xc7a35t_0]
set_property PROGRAM.FILE {C:/Users/Jianning/Desktop/EE2026/Project/SoundDisplay/SoundDisplay/SoundDisplay.runs/impl_1/Top_Student.bit} [get_hw_devices xc7a35t_0]
program_hw_devices [get_hw_devices xc7a35t_0]
INFO: [Labtools 27-3164] End of startup status: HIGH
refresh_hw_device [lindex [get_hw_devices xc7a35t_0] 0]
INFO: [Labtools 27-1434] Device xc7a35t (JTAG device index = 0) is programmed with a design that has no supported debug core(s) in it.
WARNING: [Labtools 27-3361] The debug hub core was not detected.
Resolution: 
1. Make sure the clock connected to the debug hub (dbg_hub) core is a free running clock and is active.
2. Make sure the BSCAN_SWITCH_USER_MASK device property in Vivado Hardware Manager reflects the user scan chain setting in the design and refresh the device.  To determine the user scan chain setting in the design, open the implemented design and use 'get_property C_USER_SCAN_CHAIN [get_debug_cores dbg_hub]'.
For more details on setting the scan chain property, consult the Vivado Debug and Programming User Guide (UG908).
close [ open C:/Users/Jianning/Desktop/EE2026/Project/SoundDisplay/SoundDisplay/SoundDisplay.srcs/sources_1/new/seven_segment_counter.v w ]
add_files C:/Users/Jianning/Desktop/EE2026/Project/SoundDisplay/SoundDisplay/SoundDisplay.srcs/sources_1/new/seven_segment_counter.v
update_compile_order -fileset sources_1
close [ open C:/Users/Jianning/Desktop/EE2026/Project/SoundDisplay/SoundDisplay/SoundDisplay.srcs/sources_1/new/seven_segment_counter.v w ]
add_files C:/Users/Jianning/Desktop/EE2026/Project/SoundDisplay/SoundDisplay/SoundDisplay.srcs/sources_1/new/seven_segment_counter.v
WARNING: [filemgmt 56-12] File 'C:/Users/Jianning/Desktop/EE2026/Project/SoundDisplay/SoundDisplay/SoundDisplay.srcs/sources_1/new/seven_segment_counter.v' cannot be added to the project because it already exists in the project, skipping this file
update_compile_order -fileset sources_1
reset_run synth_1
launch_runs synth_1 -jobs 6
[Mon Mar 15 15:32:04 2021] Launched synth_1...
Run output will be captured here: C:/Users/Jianning/Desktop/EE2026/Project/SoundDisplay/SoundDisplay/SoundDisplay.runs/synth_1/runme.log
launch_runs impl_1 -jobs 6
[Mon Mar 15 15:33:24 2021] Launched impl_1...
Run output will be captured here: C:/Users/Jianning/Desktop/EE2026/Project/SoundDisplay/SoundDisplay/SoundDisplay.runs/impl_1/runme.log
reset_run synth_1
reset_run impl_1
launch_runs impl_1 -jobs 6
[Mon Mar 15 15:34:42 2021] Launched synth_1...
Run output will be captured here: C:/Users/Jianning/Desktop/EE2026/Project/SoundDisplay/SoundDisplay/SoundDisplay.runs/synth_1/runme.log
[Mon Mar 15 15:34:42 2021] Launched impl_1...
Run output will be captured here: C:/Users/Jianning/Desktop/EE2026/Project/SoundDisplay/SoundDisplay/SoundDisplay.runs/impl_1/runme.log
launch_runs impl_1 -to_step write_bitstream -jobs 6
[Mon Mar 15 15:36:27 2021] Launched impl_1...
Run output will be captured here: C:/Users/Jianning/Desktop/EE2026/Project/SoundDisplay/SoundDisplay/SoundDisplay.runs/impl_1/runme.log
set_property PROBES.FILE {} [get_hw_devices xc7a35t_0]
set_property FULL_PROBES.FILE {} [get_hw_devices xc7a35t_0]
set_property PROGRAM.FILE {C:/Users/Jianning/Desktop/EE2026/Project/SoundDisplay/SoundDisplay/SoundDisplay.runs/impl_1/Top_Student.bit} [get_hw_devices xc7a35t_0]
program_hw_devices [get_hw_devices xc7a35t_0]
INFO: [Labtools 27-3164] End of startup status: HIGH
refresh_hw_device [lindex [get_hw_devices xc7a35t_0] 0]
INFO: [Labtools 27-1434] Device xc7a35t (JTAG device index = 0) is programmed with a design that has no supported debug core(s) in it.
WARNING: [Labtools 27-3361] The debug hub core was not detected.
Resolution: 
1. Make sure the clock connected to the debug hub (dbg_hub) core is a free running clock and is active.
2. Make sure the BSCAN_SWITCH_USER_MASK device property in Vivado Hardware Manager reflects the user scan chain setting in the design and refresh the device.  To determine the user scan chain setting in the design, open the implemented design and use 'get_property C_USER_SCAN_CHAIN [get_debug_cores dbg_hub]'.
For more details on setting the scan chain property, consult the Vivado Debug and Programming User Guide (UG908).
ERROR: [Labtoolstcl 44-513] HW Target shutdown. Closing target: localhost:3121/xilinx_tcf/Digilent/210183713918A
close [ open C:/Users/Jianning/Desktop/EE2026/Project/SoundDisplay/SoundDisplay/SoundDisplay.srcs/sources_1/new/peak_algorithm.v w ]
add_files C:/Users/Jianning/Desktop/EE2026/Project/SoundDisplay/SoundDisplay/SoundDisplay.srcs/sources_1/new/peak_algorithm.v
update_compile_order -fileset sources_1
reset_run synth_1
launch_runs synth_1 -jobs 6
[Mon Mar 15 16:02:34 2021] Launched synth_1...
Run output will be captured here: C:/Users/Jianning/Desktop/EE2026/Project/SoundDisplay/SoundDisplay/SoundDisplay.runs/synth_1/runme.log
INFO: [Labtoolstcl 44-466] Opening hw_target localhost:3121/xilinx_tcf/Digilent/210183713918A
INFO: [Labtools 27-1434] Device xc7a35t (JTAG device index = 0) is programmed with a design that has no supported debug core(s) in it.
WARNING: [Labtools 27-3361] The debug hub core was not detected.
Resolution: 
1. Make sure the clock connected to the debug hub (dbg_hub) core is a free running clock and is active.
2. Make sure the BSCAN_SWITCH_USER_MASK device property in Vivado Hardware Manager reflects the user scan chain setting in the design and refresh the device.  To determine the user scan chain setting in the design, open the implemented design and use 'get_property C_USER_SCAN_CHAIN [get_debug_cores dbg_hub]'.
For more details on setting the scan chain property, consult the Vivado Debug and Programming User Guide (UG908).
WARNING: [Labtoolstcl 44-129] No matching hw_ila_data was found.
launch_runs impl_1 -jobs 6
[Mon Mar 15 16:03:18 2021] Launched impl_1...
Run output will be captured here: C:/Users/Jianning/Desktop/EE2026/Project/SoundDisplay/SoundDisplay/SoundDisplay.runs/impl_1/runme.log
launch_runs impl_1 -to_step write_bitstream -jobs 6
[Mon Mar 15 16:04:42 2021] Launched impl_1...
Run output will be captured here: C:/Users/Jianning/Desktop/EE2026/Project/SoundDisplay/SoundDisplay/SoundDisplay.runs/impl_1/runme.log
set_property PROBES.FILE {} [get_hw_devices xc7a35t_0]
set_property FULL_PROBES.FILE {} [get_hw_devices xc7a35t_0]
set_property PROGRAM.FILE {C:/Users/Jianning/Desktop/EE2026/Project/SoundDisplay/SoundDisplay/SoundDisplay.runs/impl_1/Top_Student.bit} [get_hw_devices xc7a35t_0]
program_hw_devices [get_hw_devices xc7a35t_0]
INFO: [Labtools 27-3164] End of startup status: HIGH
refresh_hw_device [lindex [get_hw_devices xc7a35t_0] 0]
INFO: [Labtools 27-1434] Device xc7a35t (JTAG device index = 0) is programmed with a design that has no supported debug core(s) in it.
WARNING: [Labtools 27-3361] The debug hub core was not detected.
Resolution: 
1. Make sure the clock connected to the debug hub (dbg_hub) core is a free running clock and is active.
2. Make sure the BSCAN_SWITCH_USER_MASK device property in Vivado Hardware Manager reflects the user scan chain setting in the design and refresh the device.  To determine the user scan chain setting in the design, open the implemented design and use 'get_property C_USER_SCAN_CHAIN [get_debug_cores dbg_hub]'.
For more details on setting the scan chain property, consult the Vivado Debug and Programming User Guide (UG908).
reset_run synth_1
launch_runs synth_1 -jobs 6
[Mon Mar 15 16:07:43 2021] Launched synth_1...
Run output will be captured here: C:/Users/Jianning/Desktop/EE2026/Project/SoundDisplay/SoundDisplay/SoundDisplay.runs/synth_1/runme.log
launch_runs impl_1 -jobs 6
[Mon Mar 15 16:08:24 2021] Launched impl_1...
Run output will be captured here: C:/Users/Jianning/Desktop/EE2026/Project/SoundDisplay/SoundDisplay/SoundDisplay.runs/impl_1/runme.log
reset_run synth_1
launch_runs synth_1 -jobs 6
[Mon Mar 15 16:12:16 2021] Launched synth_1...
Run output will be captured here: C:/Users/Jianning/Desktop/EE2026/Project/SoundDisplay/SoundDisplay/SoundDisplay.runs/synth_1/runme.log
launch_runs impl_1 -jobs 6
[Mon Mar 15 16:12:57 2021] Launched impl_1...
Run output will be captured here: C:/Users/Jianning/Desktop/EE2026/Project/SoundDisplay/SoundDisplay/SoundDisplay.runs/impl_1/runme.log
launch_runs impl_1 -to_step write_bitstream -jobs 6
[Mon Mar 15 16:14:13 2021] Launched impl_1...
Run output will be captured here: C:/Users/Jianning/Desktop/EE2026/Project/SoundDisplay/SoundDisplay/SoundDisplay.runs/impl_1/runme.log
set_property PROBES.FILE {} [get_hw_devices xc7a35t_0]
set_property FULL_PROBES.FILE {} [get_hw_devices xc7a35t_0]
set_property PROGRAM.FILE {C:/Users/Jianning/Desktop/EE2026/Project/SoundDisplay/SoundDisplay/SoundDisplay.runs/impl_1/Top_Student.bit} [get_hw_devices xc7a35t_0]
program_hw_devices [get_hw_devices xc7a35t_0]
INFO: [Labtools 27-3164] End of startup status: HIGH
refresh_hw_device [lindex [get_hw_devices xc7a35t_0] 0]
INFO: [Labtools 27-1434] Device xc7a35t (JTAG device index = 0) is programmed with a design that has no supported debug core(s) in it.
WARNING: [Labtools 27-3361] The debug hub core was not detected.
Resolution: 
1. Make sure the clock connected to the debug hub (dbg_hub) core is a free running clock and is active.
2. Make sure the BSCAN_SWITCH_USER_MASK device property in Vivado Hardware Manager reflects the user scan chain setting in the design and refresh the device.  To determine the user scan chain setting in the design, open the implemented design and use 'get_property C_USER_SCAN_CHAIN [get_debug_cores dbg_hub]'.
For more details on setting the scan chain property, consult the Vivado Debug and Programming User Guide (UG908).
reset_run synth_1
launch_runs synth_1 -jobs 6
[Mon Mar 15 16:19:36 2021] Launched synth_1...
Run output will be captured here: C:/Users/Jianning/Desktop/EE2026/Project/SoundDisplay/SoundDisplay/SoundDisplay.runs/synth_1/runme.log
launch_runs impl_1 -jobs 6
[Mon Mar 15 16:21:01 2021] Launched impl_1...
Run output will be captured here: C:/Users/Jianning/Desktop/EE2026/Project/SoundDisplay/SoundDisplay/SoundDisplay.runs/impl_1/runme.log
launch_runs impl_1 -to_step write_bitstream -jobs 6
[Mon Mar 15 16:22:13 2021] Launched impl_1...
Run output will be captured here: C:/Users/Jianning/Desktop/EE2026/Project/SoundDisplay/SoundDisplay/SoundDisplay.runs/impl_1/runme.log
set_property PROBES.FILE {} [get_hw_devices xc7a35t_0]
set_property FULL_PROBES.FILE {} [get_hw_devices xc7a35t_0]
set_property PROGRAM.FILE {C:/Users/Jianning/Desktop/EE2026/Project/SoundDisplay/SoundDisplay/SoundDisplay.runs/impl_1/Top_Student.bit} [get_hw_devices xc7a35t_0]
program_hw_devices [get_hw_devices xc7a35t_0]
INFO: [Labtools 27-3164] End of startup status: HIGH
refresh_hw_device [lindex [get_hw_devices xc7a35t_0] 0]
INFO: [Labtools 27-1434] Device xc7a35t (JTAG device index = 0) is programmed with a design that has no supported debug core(s) in it.
WARNING: [Labtools 27-3361] The debug hub core was not detected.
Resolution: 
1. Make sure the clock connected to the debug hub (dbg_hub) core is a free running clock and is active.
2. Make sure the BSCAN_SWITCH_USER_MASK device property in Vivado Hardware Manager reflects the user scan chain setting in the design and refresh the device.  To determine the user scan chain setting in the design, open the implemented design and use 'get_property C_USER_SCAN_CHAIN [get_debug_cores dbg_hub]'.
For more details on setting the scan chain property, consult the Vivado Debug and Programming User Guide (UG908).
ERROR: [Labtoolstcl 44-513] HW Target shutdown. Closing target: localhost:3121/xilinx_tcf/Digilent/210183713918A
reset_run synth_1
launch_runs synth_1 -jobs 6
[Mon Mar 15 16:36:47 2021] Launched synth_1...
Run output will be captured here: C:/Users/Jianning/Desktop/EE2026/Project/SoundDisplay/SoundDisplay/SoundDisplay.runs/synth_1/runme.log
reset_run synth_1
launch_runs synth_1 -jobs 6
[Mon Mar 15 16:37:19 2021] Launched synth_1...
Run output will be captured here: C:/Users/Jianning/Desktop/EE2026/Project/SoundDisplay/SoundDisplay/SoundDisplay.runs/synth_1/runme.log
launch_runs impl_1 -jobs 6
[Mon Mar 15 16:38:17 2021] Launched impl_1...
Run output will be captured here: C:/Users/Jianning/Desktop/EE2026/Project/SoundDisplay/SoundDisplay/SoundDisplay.runs/impl_1/runme.log
launch_runs impl_1 -to_step write_bitstream -jobs 6
[Mon Mar 15 16:40:16 2021] Launched impl_1...
Run output will be captured here: C:/Users/Jianning/Desktop/EE2026/Project/SoundDisplay/SoundDisplay/SoundDisplay.runs/impl_1/runme.log
INFO: [Labtoolstcl 44-466] Opening hw_target localhost:3121/xilinx_tcf/Digilent/210183713918A
INFO: [Labtools 27-1434] Device xc7a35t (JTAG device index = 0) is programmed with a design that has no supported debug core(s) in it.
WARNING: [Labtools 27-3361] The debug hub core was not detected.
Resolution: 
1. Make sure the clock connected to the debug hub (dbg_hub) core is a free running clock and is active.
2. Make sure the BSCAN_SWITCH_USER_MASK device property in Vivado Hardware Manager reflects the user scan chain setting in the design and refresh the device.  To determine the user scan chain setting in the design, open the implemented design and use 'get_property C_USER_SCAN_CHAIN [get_debug_cores dbg_hub]'.
For more details on setting the scan chain property, consult the Vivado Debug and Programming User Guide (UG908).
WARNING: [Labtoolstcl 44-129] No matching hw_ila_data was found.
set_property PROBES.FILE {} [get_hw_devices xc7a35t_0]
set_property FULL_PROBES.FILE {} [get_hw_devices xc7a35t_0]
set_property PROGRAM.FILE {C:/Users/Jianning/Desktop/EE2026/Project/SoundDisplay/SoundDisplay/SoundDisplay.runs/impl_1/Top_Student.bit} [get_hw_devices xc7a35t_0]
program_hw_devices [get_hw_devices xc7a35t_0]
INFO: [Labtools 27-3164] End of startup status: HIGH
refresh_hw_device [lindex [get_hw_devices xc7a35t_0] 0]
INFO: [Labtools 27-1434] Device xc7a35t (JTAG device index = 0) is programmed with a design that has no supported debug core(s) in it.
WARNING: [Labtools 27-3361] The debug hub core was not detected.
Resolution: 
1. Make sure the clock connected to the debug hub (dbg_hub) core is a free running clock and is active.
2. Make sure the BSCAN_SWITCH_USER_MASK device property in Vivado Hardware Manager reflects the user scan chain setting in the design and refresh the device.  To determine the user scan chain setting in the design, open the implemented design and use 'get_property C_USER_SCAN_CHAIN [get_debug_cores dbg_hub]'.
For more details on setting the scan chain property, consult the Vivado Debug and Programming User Guide (UG908).
reset_run synth_1
launch_runs synth_1 -jobs 6
[Mon Mar 15 16:46:16 2021] Launched synth_1...
Run output will be captured here: C:/Users/Jianning/Desktop/EE2026/Project/SoundDisplay/SoundDisplay/SoundDisplay.runs/synth_1/runme.log
launch_runs impl_1 -jobs 6
[Mon Mar 15 16:46:58 2021] Launched impl_1...
Run output will be captured here: C:/Users/Jianning/Desktop/EE2026/Project/SoundDisplay/SoundDisplay/SoundDisplay.runs/impl_1/runme.log
launch_runs impl_1 -to_step write_bitstream -jobs 6
[Mon Mar 15 16:48:07 2021] Launched impl_1...
Run output will be captured here: C:/Users/Jianning/Desktop/EE2026/Project/SoundDisplay/SoundDisplay/SoundDisplay.runs/impl_1/runme.log
set_property PROBES.FILE {} [get_hw_devices xc7a35t_0]
set_property FULL_PROBES.FILE {} [get_hw_devices xc7a35t_0]
set_property PROGRAM.FILE {C:/Users/Jianning/Desktop/EE2026/Project/SoundDisplay/SoundDisplay/SoundDisplay.runs/impl_1/Top_Student.bit} [get_hw_devices xc7a35t_0]
program_hw_devices [get_hw_devices xc7a35t_0]
INFO: [Labtools 27-3164] End of startup status: HIGH
refresh_hw_device [lindex [get_hw_devices xc7a35t_0] 0]
INFO: [Labtools 27-1434] Device xc7a35t (JTAG device index = 0) is programmed with a design that has no supported debug core(s) in it.
WARNING: [Labtools 27-3361] The debug hub core was not detected.
Resolution: 
1. Make sure the clock connected to the debug hub (dbg_hub) core is a free running clock and is active.
2. Make sure the BSCAN_SWITCH_USER_MASK device property in Vivado Hardware Manager reflects the user scan chain setting in the design and refresh the device.  To determine the user scan chain setting in the design, open the implemented design and use 'get_property C_USER_SCAN_CHAIN [get_debug_cores dbg_hub]'.
For more details on setting the scan chain property, consult the Vivado Debug and Programming User Guide (UG908).
set_property PROBES.FILE {} [get_hw_devices xc7a35t_0]
set_property FULL_PROBES.FILE {} [get_hw_devices xc7a35t_0]
set_property PROGRAM.FILE {C:/Users/Jianning/Desktop/EE2026/Project/SoundDisplay/SoundDisplay/SoundDisplay.runs/impl_1/Top_Student.bit} [get_hw_devices xc7a35t_0]
program_hw_devices [get_hw_devices xc7a35t_0]
INFO: [Labtools 27-3164] End of startup status: HIGH
refresh_hw_device [lindex [get_hw_devices xc7a35t_0] 0]
INFO: [Labtools 27-1434] Device xc7a35t (JTAG device index = 0) is programmed with a design that has no supported debug core(s) in it.
WARNING: [Labtools 27-3361] The debug hub core was not detected.
Resolution: 
1. Make sure the clock connected to the debug hub (dbg_hub) core is a free running clock and is active.
2. Make sure the BSCAN_SWITCH_USER_MASK device property in Vivado Hardware Manager reflects the user scan chain setting in the design and refresh the device.  To determine the user scan chain setting in the design, open the implemented design and use 'get_property C_USER_SCAN_CHAIN [get_debug_cores dbg_hub]'.
For more details on setting the scan chain property, consult the Vivado Debug and Programming User Guide (UG908).
set_property PROBES.FILE {} [get_hw_devices xc7a35t_0]
set_property FULL_PROBES.FILE {} [get_hw_devices xc7a35t_0]
set_property PROGRAM.FILE {C:/Users/Jianning/Desktop/EE2026/Project/SoundDisplay/SoundDisplay/SoundDisplay.runs/impl_1/Top_Student.bit} [get_hw_devices xc7a35t_0]
program_hw_devices [get_hw_devices xc7a35t_0]
INFO: [Labtools 27-3164] End of startup status: HIGH
refresh_hw_device [lindex [get_hw_devices xc7a35t_0] 0]
INFO: [Labtools 27-1434] Device xc7a35t (JTAG device index = 0) is programmed with a design that has no supported debug core(s) in it.
WARNING: [Labtools 27-3361] The debug hub core was not detected.
Resolution: 
1. Make sure the clock connected to the debug hub (dbg_hub) core is a free running clock and is active.
2. Make sure the BSCAN_SWITCH_USER_MASK device property in Vivado Hardware Manager reflects the user scan chain setting in the design and refresh the device.  To determine the user scan chain setting in the design, open the implemented design and use 'get_property C_USER_SCAN_CHAIN [get_debug_cores dbg_hub]'.
For more details on setting the scan chain property, consult the Vivado Debug and Programming User Guide (UG908).
set_property PROBES.FILE {} [get_hw_devices xc7a35t_0]
set_property FULL_PROBES.FILE {} [get_hw_devices xc7a35t_0]
set_property PROGRAM.FILE {C:/Users/Jianning/Desktop/EE2026/Project/SoundDisplay/SoundDisplay/SoundDisplay.runs/impl_1/Top_Student.bit} [get_hw_devices xc7a35t_0]
program_hw_devices [get_hw_devices xc7a35t_0]
INFO: [Labtools 27-3164] End of startup status: HIGH
refresh_hw_device [lindex [get_hw_devices xc7a35t_0] 0]
INFO: [Labtools 27-1434] Device xc7a35t (JTAG device index = 0) is programmed with a design that has no supported debug core(s) in it.
WARNING: [Labtools 27-3361] The debug hub core was not detected.
Resolution: 
1. Make sure the clock connected to the debug hub (dbg_hub) core is a free running clock and is active.
2. Make sure the BSCAN_SWITCH_USER_MASK device property in Vivado Hardware Manager reflects the user scan chain setting in the design and refresh the device.  To determine the user scan chain setting in the design, open the implemented design and use 'get_property C_USER_SCAN_CHAIN [get_debug_cores dbg_hub]'.
For more details on setting the scan chain property, consult the Vivado Debug and Programming User Guide (UG908).
set_property PROBES.FILE {} [get_hw_devices xc7a35t_0]
set_property FULL_PROBES.FILE {} [get_hw_devices xc7a35t_0]
set_property PROGRAM.FILE {C:/Users/Jianning/Desktop/EE2026/Project/SoundDisplay/SoundDisplay/SoundDisplay.runs/impl_1/Top_Student.bit} [get_hw_devices xc7a35t_0]
program_hw_devices [get_hw_devices xc7a35t_0]
INFO: [Labtools 27-3164] End of startup status: HIGH
refresh_hw_device [lindex [get_hw_devices xc7a35t_0] 0]
INFO: [Labtools 27-1434] Device xc7a35t (JTAG device index = 0) is programmed with a design that has no supported debug core(s) in it.
WARNING: [Labtools 27-3361] The debug hub core was not detected.
Resolution: 
1. Make sure the clock connected to the debug hub (dbg_hub) core is a free running clock and is active.
2. Make sure the BSCAN_SWITCH_USER_MASK device property in Vivado Hardware Manager reflects the user scan chain setting in the design and refresh the device.  To determine the user scan chain setting in the design, open the implemented design and use 'get_property C_USER_SCAN_CHAIN [get_debug_cores dbg_hub]'.
For more details on setting the scan chain property, consult the Vivado Debug and Programming User Guide (UG908).
ERROR: [Labtoolstcl 44-513] HW Target shutdown. Closing target: localhost:3121/xilinx_tcf/Digilent/210183713918A
disconnect_hw_server localhost:3121
connect_hw_server
INFO: [Labtools 27-2285] Connecting to hw_server url TCP:localhost:3121
open_hw_target
INFO: [Labtoolstcl 44-466] Opening hw_target localhost:3121/xilinx_tcf/Digilent/210183713918A
set_property PROGRAM.FILE {C:/Users/Jianning/Desktop/EE2026/Project/SoundDisplay/SoundDisplay/SoundDisplay.runs/impl_1/Top_Student.bit} [get_hw_devices xc7a35t_0]
current_hw_device [get_hw_devices xc7a35t_0]
refresh_hw_device -update_hw_probes false [lindex [get_hw_devices xc7a35t_0] 0]
INFO: [Labtools 27-1434] Device xc7a35t (JTAG device index = 0) is programmed with a design that has no supported debug core(s) in it.
WARNING: [Labtools 27-3361] The debug hub core was not detected.
Resolution: 
1. Make sure the clock connected to the debug hub (dbg_hub) core is a free running clock and is active.
2. Make sure the BSCAN_SWITCH_USER_MASK device property in Vivado Hardware Manager reflects the user scan chain setting in the design and refresh the device.  To determine the user scan chain setting in the design, open the implemented design and use 'get_property C_USER_SCAN_CHAIN [get_debug_cores dbg_hub]'.
For more details on setting the scan chain property, consult the Vivado Debug and Programming User Guide (UG908).
set_property PROBES.FILE {} [get_hw_devices xc7a35t_0]
set_property FULL_PROBES.FILE {} [get_hw_devices xc7a35t_0]
set_property PROGRAM.FILE {C:/Users/Jianning/Desktop/EE2026/Project/SoundDisplay/SoundDisplay/SoundDisplay.runs/impl_1/Top_Student.bit} [get_hw_devices xc7a35t_0]
program_hw_devices [get_hw_devices xc7a35t_0]
INFO: [Labtools 27-3164] End of startup status: HIGH
refresh_hw_device [lindex [get_hw_devices xc7a35t_0] 0]
INFO: [Labtools 27-1434] Device xc7a35t (JTAG device index = 0) is programmed with a design that has no supported debug core(s) in it.
WARNING: [Labtools 27-3361] The debug hub core was not detected.
Resolution: 
1. Make sure the clock connected to the debug hub (dbg_hub) core is a free running clock and is active.
2. Make sure the BSCAN_SWITCH_USER_MASK device property in Vivado Hardware Manager reflects the user scan chain setting in the design and refresh the device.  To determine the user scan chain setting in the design, open the implemented design and use 'get_property C_USER_SCAN_CHAIN [get_debug_cores dbg_hub]'.
For more details on setting the scan chain property, consult the Vivado Debug and Programming User Guide (UG908).
set_property PROBES.FILE {} [get_hw_devices xc7a35t_0]
set_property FULL_PROBES.FILE {} [get_hw_devices xc7a35t_0]
set_property PROGRAM.FILE {C:/Users/Jianning/Desktop/EE2026/Project/SoundDisplay/SoundDisplay/SoundDisplay.runs/impl_1/Top_Student.bit} [get_hw_devices xc7a35t_0]
program_hw_devices [get_hw_devices xc7a35t_0]
INFO: [Labtools 27-3164] End of startup status: HIGH
refresh_hw_device [lindex [get_hw_devices xc7a35t_0] 0]
INFO: [Labtools 27-1434] Device xc7a35t (JTAG device index = 0) is programmed with a design that has no supported debug core(s) in it.
WARNING: [Labtools 27-3361] The debug hub core was not detected.
Resolution: 
1. Make sure the clock connected to the debug hub (dbg_hub) core is a free running clock and is active.
2. Make sure the BSCAN_SWITCH_USER_MASK device property in Vivado Hardware Manager reflects the user scan chain setting in the design and refresh the device.  To determine the user scan chain setting in the design, open the implemented design and use 'get_property C_USER_SCAN_CHAIN [get_debug_cores dbg_hub]'.
For more details on setting the scan chain property, consult the Vivado Debug and Programming User Guide (UG908).
ERROR: [Labtoolstcl 44-513] HW Target shutdown. Closing target: localhost:3121/xilinx_tcf/Digilent/210183713918A
reset_run synth_1
launch_runs synth_1 -jobs 6
[Mon Mar 15 19:35:29 2021] Launched synth_1...
Run output will be captured here: C:/Users/Jianning/Desktop/EE2026/Project/SoundDisplay/SoundDisplay/SoundDisplay.runs/synth_1/runme.log
launch_runs impl_1 -jobs 6
[Mon Mar 15 19:36:07 2021] Launched impl_1...
Run output will be captured here: C:/Users/Jianning/Desktop/EE2026/Project/SoundDisplay/SoundDisplay/SoundDisplay.runs/impl_1/runme.log
launch_runs impl_1 -to_step write_bitstream -jobs 6
[Mon Mar 15 19:38:09 2021] Launched impl_1...
Run output will be captured here: C:/Users/Jianning/Desktop/EE2026/Project/SoundDisplay/SoundDisplay/SoundDisplay.runs/impl_1/runme.log
INFO: [Labtoolstcl 44-466] Opening hw_target localhost:3121/xilinx_tcf/Digilent/210183713918A
INFO: [Labtools 27-1434] Device xc7a35t (JTAG device index = 0) is programmed with a design that has no supported debug core(s) in it.
WARNING: [Labtools 27-3361] The debug hub core was not detected.
Resolution: 
1. Make sure the clock connected to the debug hub (dbg_hub) core is a free running clock and is active.
2. Make sure the BSCAN_SWITCH_USER_MASK device property in Vivado Hardware Manager reflects the user scan chain setting in the design and refresh the device.  To determine the user scan chain setting in the design, open the implemented design and use 'get_property C_USER_SCAN_CHAIN [get_debug_cores dbg_hub]'.
For more details on setting the scan chain property, consult the Vivado Debug and Programming User Guide (UG908).
WARNING: [Labtoolstcl 44-129] No matching hw_ila_data was found.
reset_run impl_1 -prev_step 
launch_runs impl_1 -to_step write_bitstream -jobs 6
[Mon Mar 15 19:38:41 2021] Launched impl_1...
Run output will be captured here: C:/Users/Jianning/Desktop/EE2026/Project/SoundDisplay/SoundDisplay/SoundDisplay.runs/impl_1/runme.log
set_property PROBES.FILE {} [get_hw_devices xc7a35t_0]
set_property FULL_PROBES.FILE {} [get_hw_devices xc7a35t_0]
set_property PROGRAM.FILE {C:/Users/Jianning/Desktop/EE2026/Project/SoundDisplay/SoundDisplay/SoundDisplay.runs/impl_1/Top_Student.bit} [get_hw_devices xc7a35t_0]
program_hw_devices [get_hw_devices xc7a35t_0]
INFO: [Labtools 27-3164] End of startup status: HIGH
refresh_hw_device [lindex [get_hw_devices xc7a35t_0] 0]
INFO: [Labtools 27-1434] Device xc7a35t (JTAG device index = 0) is programmed with a design that has no supported debug core(s) in it.
WARNING: [Labtools 27-3361] The debug hub core was not detected.
Resolution: 
1. Make sure the clock connected to the debug hub (dbg_hub) core is a free running clock and is active.
2. Make sure the BSCAN_SWITCH_USER_MASK device property in Vivado Hardware Manager reflects the user scan chain setting in the design and refresh the device.  To determine the user scan chain setting in the design, open the implemented design and use 'get_property C_USER_SCAN_CHAIN [get_debug_cores dbg_hub]'.
For more details on setting the scan chain property, consult the Vivado Debug and Programming User Guide (UG908).
export_ip_user_files -of_objects  [get_files C:/Users/Jianning/Desktop/EE2026/Project/SoundDisplay/SoundDisplay/SoundDisplay.srcs/sources_1/new/seven_segment_counter.v] -no_script -reset -force -quiet
remove_files  C:/Users/Jianning/Desktop/EE2026/Project/SoundDisplay/SoundDisplay/SoundDisplay.srcs/sources_1/new/seven_segment_counter.v
reset_run synth_1
launch_runs synth_1 -jobs 6
[Mon Mar 15 20:01:02 2021] Launched synth_1...
Run output will be captured here: C:/Users/Jianning/Desktop/EE2026/Project/SoundDisplay/SoundDisplay/SoundDisplay.runs/synth_1/runme.log
reset_run synth_1
launch_runs synth_1 -jobs 6
[Mon Mar 15 20:02:13 2021] Launched synth_1...
Run output will be captured here: C:/Users/Jianning/Desktop/EE2026/Project/SoundDisplay/SoundDisplay/SoundDisplay.runs/synth_1/runme.log
launch_runs impl_1 -jobs 6
[Mon Mar 15 20:02:50 2021] Launched impl_1...
Run output will be captured here: C:/Users/Jianning/Desktop/EE2026/Project/SoundDisplay/SoundDisplay/SoundDisplay.runs/impl_1/runme.log
launch_runs impl_1 -to_step write_bitstream -jobs 6
[Mon Mar 15 20:05:12 2021] Launched impl_1...
Run output will be captured here: C:/Users/Jianning/Desktop/EE2026/Project/SoundDisplay/SoundDisplay/SoundDisplay.runs/impl_1/runme.log
set_property PROBES.FILE {} [get_hw_devices xc7a35t_0]
set_property FULL_PROBES.FILE {} [get_hw_devices xc7a35t_0]
set_property PROGRAM.FILE {C:/Users/Jianning/Desktop/EE2026/Project/SoundDisplay/SoundDisplay/SoundDisplay.runs/impl_1/Top_Student.bit} [get_hw_devices xc7a35t_0]
program_hw_devices [get_hw_devices xc7a35t_0]
INFO: [Labtools 27-3164] End of startup status: HIGH
refresh_hw_device [lindex [get_hw_devices xc7a35t_0] 0]
INFO: [Labtools 27-1434] Device xc7a35t (JTAG device index = 0) is programmed with a design that has no supported debug core(s) in it.
WARNING: [Labtools 27-3361] The debug hub core was not detected.
Resolution: 
1. Make sure the clock connected to the debug hub (dbg_hub) core is a free running clock and is active.
2. Make sure the BSCAN_SWITCH_USER_MASK device property in Vivado Hardware Manager reflects the user scan chain setting in the design and refresh the device.  To determine the user scan chain setting in the design, open the implemented design and use 'get_property C_USER_SCAN_CHAIN [get_debug_cores dbg_hub]'.
For more details on setting the scan chain property, consult the Vivado Debug and Programming User Guide (UG908).
ERROR: [Labtoolstcl 44-513] HW Target shutdown. Closing target: localhost:3121/xilinx_tcf/Digilent/210183713918A
INFO: [Labtoolstcl 44-466] Opening hw_target localhost:3121/xilinx_tcf/Digilent/210183713918A
INFO: [Labtools 27-1434] Device xc7a35t (JTAG device index = 0) is programmed with a design that has no supported debug core(s) in it.
WARNING: [Labtools 27-3361] The debug hub core was not detected.
Resolution: 
1. Make sure the clock connected to the debug hub (dbg_hub) core is a free running clock and is active.
2. Make sure the BSCAN_SWITCH_USER_MASK device property in Vivado Hardware Manager reflects the user scan chain setting in the design and refresh the device.  To determine the user scan chain setting in the design, open the implemented design and use 'get_property C_USER_SCAN_CHAIN [get_debug_cores dbg_hub]'.
For more details on setting the scan chain property, consult the Vivado Debug and Programming User Guide (UG908).
WARNING: [Labtoolstcl 44-129] No matching hw_ila_data was found.
set_property PROBES.FILE {} [get_hw_devices xc7a35t_0]
set_property FULL_PROBES.FILE {} [get_hw_devices xc7a35t_0]
set_property PROGRAM.FILE {C:/Users/Jianning/Desktop/EE2026/Project/SoundDisplay/SoundDisplay/SoundDisplay.runs/impl_1/Top_Student.bit} [get_hw_devices xc7a35t_0]
program_hw_devices [get_hw_devices xc7a35t_0]
INFO: [Labtools 27-3164] End of startup status: HIGH
refresh_hw_device [lindex [get_hw_devices xc7a35t_0] 0]
INFO: [Labtools 27-1434] Device xc7a35t (JTAG device index = 0) is programmed with a design that has no supported debug core(s) in it.
WARNING: [Labtools 27-3361] The debug hub core was not detected.
Resolution: 
1. Make sure the clock connected to the debug hub (dbg_hub) core is a free running clock and is active.
2. Make sure the BSCAN_SWITCH_USER_MASK device property in Vivado Hardware Manager reflects the user scan chain setting in the design and refresh the device.  To determine the user scan chain setting in the design, open the implemented design and use 'get_property C_USER_SCAN_CHAIN [get_debug_cores dbg_hub]'.
For more details on setting the scan chain property, consult the Vivado Debug and Programming User Guide (UG908).
ERROR: [Labtoolstcl 44-513] HW Target shutdown. Closing target: localhost:3121/xilinx_tcf/Digilent/210183713918A
close [ open C:/Users/Jianning/Desktop/EE2026/Project/SoundDisplay/SoundDisplay/SoundDisplay.srcs/sources_1/new/x_y_converter.v w ]
add_files C:/Users/Jianning/Desktop/EE2026/Project/SoundDisplay/SoundDisplay/SoundDisplay.srcs/sources_1/new/x_y_converter.v
update_compile_order -fileset sources_1
close [ open C:/Users/Jianning/Desktop/EE2026/Project/SoundDisplay/SoundDisplay/SoundDisplay.srcs/sources_1/new/oled_intensity.v w ]
add_files C:/Users/Jianning/Desktop/EE2026/Project/SoundDisplay/SoundDisplay/SoundDisplay.srcs/sources_1/new/oled_intensity.v
update_compile_order -fileset sources_1
update_compile_order -fileset sources_1
reset_run synth_1
launch_runs synth_1 -jobs 6
[Mon Mar 15 22:38:54 2021] Launched synth_1...
Run output will be captured here: C:/Users/Jianning/Desktop/EE2026/Project/SoundDisplay/SoundDisplay/SoundDisplay.runs/synth_1/runme.log
reset_run synth_1
launch_runs synth_1 -jobs 6
[Mon Mar 15 22:40:44 2021] Launched synth_1...
Run output will be captured here: C:/Users/Jianning/Desktop/EE2026/Project/SoundDisplay/SoundDisplay/SoundDisplay.runs/synth_1/runme.log
launch_runs impl_1 -jobs 6
[Mon Mar 15 22:41:30 2021] Launched impl_1...
Run output will be captured here: C:/Users/Jianning/Desktop/EE2026/Project/SoundDisplay/SoundDisplay/SoundDisplay.runs/impl_1/runme.log
launch_runs impl_1 -to_step write_bitstream -jobs 6
[Mon Mar 15 22:45:08 2021] Launched impl_1...
Run output will be captured here: C:/Users/Jianning/Desktop/EE2026/Project/SoundDisplay/SoundDisplay/SoundDisplay.runs/impl_1/runme.log
INFO: [Labtoolstcl 44-466] Opening hw_target localhost:3121/xilinx_tcf/Digilent/210183713918A
INFO: [Labtools 27-1434] Device xc7a35t (JTAG device index = 0) is programmed with a design that has no supported debug core(s) in it.
WARNING: [Labtools 27-3361] The debug hub core was not detected.
Resolution: 
1. Make sure the clock connected to the debug hub (dbg_hub) core is a free running clock and is active.
2. Make sure the BSCAN_SWITCH_USER_MASK device property in Vivado Hardware Manager reflects the user scan chain setting in the design and refresh the device.  To determine the user scan chain setting in the design, open the implemented design and use 'get_property C_USER_SCAN_CHAIN [get_debug_cores dbg_hub]'.
For more details on setting the scan chain property, consult the Vivado Debug and Programming User Guide (UG908).
WARNING: [Labtoolstcl 44-129] No matching hw_ila_data was found.
set_property PROBES.FILE {} [get_hw_devices xc7a35t_0]
set_property FULL_PROBES.FILE {} [get_hw_devices xc7a35t_0]
set_property PROGRAM.FILE {C:/Users/Jianning/Desktop/EE2026/Project/SoundDisplay/SoundDisplay/SoundDisplay.runs/impl_1/Top_Student.bit} [get_hw_devices xc7a35t_0]
program_hw_devices [get_hw_devices xc7a35t_0]
INFO: [Labtools 27-3164] End of startup status: HIGH
refresh_hw_device [lindex [get_hw_devices xc7a35t_0] 0]
INFO: [Labtools 27-1434] Device xc7a35t (JTAG device index = 0) is programmed with a design that has no supported debug core(s) in it.
WARNING: [Labtools 27-3361] The debug hub core was not detected.
Resolution: 
1. Make sure the clock connected to the debug hub (dbg_hub) core is a free running clock and is active.
2. Make sure the BSCAN_SWITCH_USER_MASK device property in Vivado Hardware Manager reflects the user scan chain setting in the design and refresh the device.  To determine the user scan chain setting in the design, open the implemented design and use 'get_property C_USER_SCAN_CHAIN [get_debug_cores dbg_hub]'.
For more details on setting the scan chain property, consult the Vivado Debug and Programming User Guide (UG908).
ERROR: [Labtoolstcl 44-513] HW Target shutdown. Closing target: localhost:3121/xilinx_tcf/Digilent/210183713918A
close [ open C:/Users/Jianning/Desktop/EE2026/Project/SoundDisplay/SoundDisplay/SoundDisplay.srcs/sources_1/new/oled_border.v w ]
add_files C:/Users/Jianning/Desktop/EE2026/Project/SoundDisplay/SoundDisplay/SoundDisplay.srcs/sources_1/new/oled_border.v
update_compile_order -fileset sources_1
close [ open C:/Users/Jianning/Desktop/EE2026/Project/SoundDisplay/SoundDisplay/SoundDisplay.srcs/sources_1/new/oled_volume.v w ]
add_files C:/Users/Jianning/Desktop/EE2026/Project/SoundDisplay/SoundDisplay/SoundDisplay.srcs/sources_1/new/oled_volume.v
update_compile_order -fileset sources_1
reset_run synth_1
launch_runs synth_1 -jobs 6
[Mon Mar 15 23:41:25 2021] Launched synth_1...
Run output will be captured here: C:/Users/Jianning/Desktop/EE2026/Project/SoundDisplay/SoundDisplay/SoundDisplay.runs/synth_1/runme.log
INFO: [Labtoolstcl 44-466] Opening hw_target localhost:3121/xilinx_tcf/Digilent/210183713918A
INFO: [Labtools 27-1434] Device xc7a35t (JTAG device index = 0) is programmed with a design that has no supported debug core(s) in it.
WARNING: [Labtools 27-3361] The debug hub core was not detected.
Resolution: 
1. Make sure the clock connected to the debug hub (dbg_hub) core is a free running clock and is active.
2. Make sure the BSCAN_SWITCH_USER_MASK device property in Vivado Hardware Manager reflects the user scan chain setting in the design and refresh the device.  To determine the user scan chain setting in the design, open the implemented design and use 'get_property C_USER_SCAN_CHAIN [get_debug_cores dbg_hub]'.
For more details on setting the scan chain property, consult the Vivado Debug and Programming User Guide (UG908).
WARNING: [Labtoolstcl 44-129] No matching hw_ila_data was found.
launch_runs impl_1 -jobs 6
[Mon Mar 15 23:42:09 2021] Launched impl_1...
Run output will be captured here: C:/Users/Jianning/Desktop/EE2026/Project/SoundDisplay/SoundDisplay/SoundDisplay.runs/impl_1/runme.log
launch_runs impl_1 -to_step write_bitstream -jobs 6
[Mon Mar 15 23:43:17 2021] Launched impl_1...
Run output will be captured here: C:/Users/Jianning/Desktop/EE2026/Project/SoundDisplay/SoundDisplay/SoundDisplay.runs/impl_1/runme.log
set_property PROBES.FILE {} [get_hw_devices xc7a35t_0]
set_property FULL_PROBES.FILE {} [get_hw_devices xc7a35t_0]
set_property PROGRAM.FILE {C:/Users/Jianning/Desktop/EE2026/Project/SoundDisplay/SoundDisplay/SoundDisplay.runs/impl_1/Top_Student.bit} [get_hw_devices xc7a35t_0]
program_hw_devices [get_hw_devices xc7a35t_0]
INFO: [Labtools 27-3164] End of startup status: HIGH
refresh_hw_device [lindex [get_hw_devices xc7a35t_0] 0]
INFO: [Labtools 27-1434] Device xc7a35t (JTAG device index = 0) is programmed with a design that has no supported debug core(s) in it.
WARNING: [Labtools 27-3361] The debug hub core was not detected.
Resolution: 
1. Make sure the clock connected to the debug hub (dbg_hub) core is a free running clock and is active.
2. Make sure the BSCAN_SWITCH_USER_MASK device property in Vivado Hardware Manager reflects the user scan chain setting in the design and refresh the device.  To determine the user scan chain setting in the design, open the implemented design and use 'get_property C_USER_SCAN_CHAIN [get_debug_cores dbg_hub]'.
For more details on setting the scan chain property, consult the Vivado Debug and Programming User Guide (UG908).
ERROR: [Labtoolstcl 44-513] HW Target shutdown. Closing target: localhost:3121/xilinx_tcf/Digilent/210183713918A
exit
INFO: [Common 17-206] Exiting Vivado at Mon Mar 15 23:50:25 2021...
